<?xml version="1.0" encoding="UTF-8"?>
<!-- Generated by org.testng.reporters.JUnitXMLReporter -->
<testsuite hostname="DESKTOP-UHFDCLI" name="Default test" tests="6" failures="0" timestamp="29 Oct 2017 12:44:18 GMT" time="66.045" errors="0">
  <testcase name="testCase10" time="5.183" classname="com.mySeleniumFrameWork.testCases.TC_1"/>
  <testcase name="testCase20" time="5.117" classname="com.mySeleniumFrameWork.testCases.TC_1"/>
  <testcase name="testCase1" time="5.17" classname="com.mySeleniumFrameWork.testCases.TC_1"/>
  <testcase name="testCase2" time="5.112" classname="com.mySeleniumFrameWork.testCases.TC_1"/>
  <testcase name="testCase12" time="5.099" classname="com.mySeleniumFrameWork.testCases.TC_1"/>
  <testcase name="testCase11" time="5.104" classname="com.mySeleniumFrameWork.testCases.TC_1"/>
</testsuite> <!-- Default test -->
