<?xml version="1.0" encoding="UTF-8"?>
<!-- Generated by org.testng.reporters.JUnitXMLReporter -->
<testsuite hostname="DESKTOP-UHFDCLI" name="Test" tests="12" failures="0" timestamp="29 Oct 2017 13:13:14 GMT" time="72.73" errors="0">
  <testcase name="testCase10" time="5.119" classname="com.mySeleniumFrameWork.testCases.TC_1"/>
  <testcase name="testCase11" time="5.113" classname="com.mySeleniumFrameWork.testCases.TC_1"/>
  <testcase name="testCase12" time="5.118" classname="com.mySeleniumFrameWork.testCases.TC_1"/>
  <testcase name="testcase5" time="7.535" classname="com.mySeleniumFrameWork.testCases.TC_2"/>
  <testcase name="testcase1" time="7.272" classname="com.mySeleniumFrameWork.testCases.TC_2"/>
  <testcase name="testCase20" time="5.115" classname="com.mySeleniumFrameWork.testCases.TC_1"/>
  <testcase name="testcase7" time="9.818" classname="com.mySeleniumFrameWork.testCases.TC_2"/>
  <testcase name="testcase4" time="11.833" classname="com.mySeleniumFrameWork.testCases.TC_2"/>
  <testcase name="testcase6" time="8.567" classname="com.mySeleniumFrameWork.testCases.TC_2"/>
  <testcase name="testCase1" time="5.137" classname="com.mySeleniumFrameWork.testCases.TC_1"/>
  <testcase name="testcase3" time="11.717" classname="com.mySeleniumFrameWork.testCases.TC_2"/>
  <testcase name="testCase2" time="5.127" classname="com.mySeleniumFrameWork.testCases.TC_1"/>
</testsuite> <!-- Test -->
